<?xml version="1.0" encoding="UTF-8"?>
<!-- Generated by org.testng.reporters.JUnitXMLReporter -->
<testsuite ignored="0" hostname="Camilo-ASUS" failures="0" tests="2" name="Error Validation Test" time="20.915" errors="0" timestamp="2024-05-17T15:48:54 COT">
  <testcase classname="seleniumproject.test.ErrorValidationsTest" name="loginErrorValidation" time="1.477"/>
  <testcase classname="seleniumproject.test.ErrorValidationsTest" name="productErrorValidation" time="9.749"/>
</testsuite> <!-- Error Validation Test -->
