<?xml version="1.0" encoding="UTF-8"?>
<!-- Generated by org.testng.reporters.JUnitXMLReporter -->
<testsuite ignored="0" hostname="Camilo-ASUS" failures="0" tests="2" name="Error Validation Test" time="23.522" errors="0" timestamp="2024-05-22T20:16:32 COT">
  <testcase classname="seleniumproject.test.ErrorValidationsTest" name="loginErrorValidation" time="1.402"/>
  <testcase classname="seleniumproject.test.ErrorValidationsTest" name="productErrorValidation" time="11.687"/>
</testsuite> <!-- Error Validation Test -->
